<?xml version="1.0" encoding="UTF-8"?>
<!-- Generated by org.testng.reporters.JUnitReportReporter -->
<testsuite hostname="MCAYANAN-7420" failures="0" tests="1" name="test.TestSearch" time="3.477" errors="0" timestamp="27 Jan 2022 01:24:53 GMT" skipped="0">
  <testcase classname="test.TestSearch" name="googleSearch" time="3.477"/>
</testsuite> <!-- test.TestSearch -->
